<?xml version="1.0" encoding="UTF-8"?>
<testsuite xmlns:xsi="http://www.w3.org/2001/XMLSchema-instance" xsi:noNamespaceSchemaLocation="https://maven.apache.org/surefire/maven-failsafe-plugin/xsd/failsafe-test-report.xsd" name="org.schemaspy.integrationtesting.OracleSpacesIT" time="63.484" tests="1" errors="0" skipped="1" failures="0">
  <properties>
[...]
</properties>
  <testcase name="org.schemaspy.integrationtesting.OracleSpacesIT" classname="org.schemaspy.integrationtesting.OracleSpacesIT" time="0">
    <skipped message="got: &lt;java.lang.RuntimeException: Could not get Driver&gt;, expected: null"/>
    <system-out><![CDATA[21:59:01.629 [main] INFO  org.testcontainers.dockerclient.EnvironmentAndSystemPropertyClientProviderStrategy - Found docker client settings from environment
21:59:01.670 [main] INFO  org.testcontainers.dockerclient.DockerClientProviderStrategy - Found Docker environment with Environment variables, system properties and defaults. Resolved: 
    dockerHost=unix:///var/run/docker.sock
    apiVersion='{UNKNOWN_VERSION}'
    registryUrl='https://index.docker.io/v1/'
    registryUsername='travis'
    registryPassword='null'
    registryEmail='null'
    dockerConfig='DefaultDockerClientConfig[dockerHost=unix:///var/run/docker.sock,registryUsername=travis,registryPassword=<null>,registryEmail=<null>,registryUrl=https://index.docker.io/v1/,dockerConfig=/home/travis/.docker,sslConfig=<null>,apiVersion={UNKNOWN_VERSION}]'

21:59:01.683 [main] INFO  org.testcontainers.DockerClientFactory - Docker host IP address is localhost
21:59:01.974 [main] INFO  org.testcontainers.DockerClientFactory - Connected to docker: 
  Server Version: 17.09.0-ce
  API Version: 1.32
  Operating System: Ubuntu 14.04.5 LTS
  Total Memory: 7479 MB
        &amp#27;[37m&amp#27;[1mℹ︎ Checking the system...&amp#27;[0m&amp#27;[0m
        &amp#27;[32m✔ Docker version should be at least 1.6.0&amp#27;[0m
        &amp#27;[32m✔ Docker environment should have more than 2GB free disk space&amp#27;[0m
        &amp#27;[32m✔ File should be mountable&amp#27;[0m
        &amp#27;[32m✔ A port exposed by a docker container should be accessible&amp#27;[0m
]]></system-out>
  </testcase>
</testsuite>